<?xml version="1.0" encoding="UTF-8"?>
<testng-results ignored="0" total="2" passed="2" failed="0" skipped="0">
  <reporter-output>
  </reporter-output>
  <suite started-at="2021-12-23T17:57:46 IST" name="Suite" finished-at="2021-12-23T17:58:34 IST" duration-ms="47566">
    <groups>
    </groups>
    <test started-at="2021-12-23T17:57:46 IST" name="Test" finished-at="2021-12-23T17:58:34 IST" duration-ms="47566">
      <class name="qtrecognition2.LoginTest">
        <test-method is-config="true" signature="setup()[pri:0, instance:qtrecognition2.LoginTest@74d1dc36]" started-at="2021-12-23T17:57:46 IST" name="setup" finished-at="2021-12-23T17:58:24 IST" duration-ms="37817" status="PASS">
          <reporter-output>
          </reporter-output>
        </test-method> <!-- setup -->
        <test-method signature="Login()[pri:0, instance:qtrecognition2.LoginTest@74d1dc36]" started-at="2021-12-23T17:58:24 IST" name="Login" finished-at="2021-12-23T17:58:28 IST" duration-ms="3994" status="PASS">
          <reporter-output>
          </reporter-output>
        </test-method> <!-- Login -->
        <test-method signature="VerifyTitle()[pri:0, instance:qtrecognition2.LoginTest@74d1dc36]" started-at="2021-12-23T17:58:28 IST" name="VerifyTitle" finished-at="2021-12-23T17:58:28 IST" duration-ms="7" status="PASS">
          <reporter-output>
          </reporter-output>
        </test-method> <!-- VerifyTitle -->
        <test-method is-config="true" signature="after()[pri:0, instance:qtrecognition2.LoginTest@74d1dc36]" started-at="2021-12-23T17:58:28 IST" name="after" finished-at="2021-12-23T17:58:34 IST" duration-ms="5725" status="PASS">
          <reporter-output>
          </reporter-output>
        </test-method> <!-- after -->
      </class> <!-- qtrecognition2.LoginTest -->
    </test> <!-- Test -->
  </suite> <!-- Suite -->
</testng-results>
